============================================================
  Generated by:           Genus(TM) Synthesis Solution 20.11-s111_1
  Generated on:           Nov 01 2025  02:10:29 pm
  Module:                 top_manchester
  Operating conditions:   slow (balanced_tree)
  Wireload mode:          enclosed
  Area mode:              timing library
============================================================

                            
  Gate    Instances   Area  Library 
------------------------------------
DFFRHQX1          2  40.873    slow 
INVXL             4   9.083    slow 
------------------------------------
total             6  49.955         


                                       
     Type      Instances  Area  Area % 
---------------------------------------
sequential             2 40.873   81.8 
inverter               4  9.083   18.2 
physical_cells         0  0.000    0.0 
---------------------------------------
total                  6 49.955  100.0 

